[debug] [2023-08-11T20:39:33.080Z] ----------------------------------------------------------------------
[debug] [2023-08-11T20:39:33.082Z] Command:       /home/saeed/.nvm/versions/node/v18.16.0/bin/node /home/saeed/.nvm/versions/node/v18.16.0/bin/firebase init
[debug] [2023-08-11T20:39:33.082Z] CLI Version:   12.4.7
[debug] [2023-08-11T20:39:33.082Z] Platform:      linux
[debug] [2023-08-11T20:39:33.082Z] Node Version:  v18.16.0
[debug] [2023-08-11T20:39:33.083Z] Time:          Fri Aug 11 2023 20:39:33 GMT+0000 (Greenwich Mean Time)
[debug] [2023-08-11T20:39:33.083Z] ----------------------------------------------------------------------
[debug] 
[debug] [2023-08-11T20:39:33.088Z] > command requires scopes: ["email","openid","https://www.googleapis.com/auth/cloudplatformprojects.readonly","https://www.googleapis.com/auth/firebase","https://www.googleapis.com/auth/cloud-platform"]
[debug] [2023-08-11T20:39:33.088Z] > authorizing via signed-in user (saeedbarcha77@gmail.com)
[info] 
     ######## #### ########  ######## ########     ###     ######  ########
     ##        ##  ##     ## ##       ##     ##  ##   ##  ##       ##
     ######    ##  ########  ######   ########  #########  ######  ######
     ##        ##  ##    ##  ##       ##     ## ##     ##       ## ##
     ##       #### ##     ## ######## ########  ##     ##  ######  ########

You're about to initialize a Firebase project in this directory:

  /home/saeed/Desktop/newFirebase/firebase-app

[info] 
=== Project Setup
[info] 
[info] First, let's associate this project directory with a Firebase project.
[info] You can create multiple project aliases by running firebase use --add, 
[info] but for now we'll just set up a default project.
[info] 
[debug] [2023-08-11T20:42:37.447Z] >>> [apiv2][query] GET https://firebase.googleapis.com/v1beta1/projects pageSize=100
[debug] [2023-08-11T20:42:48.318Z] <<< [apiv2][status] GET https://firebase.googleapis.com/v1beta1/projects 200
[debug] [2023-08-11T20:42:48.318Z] <<< [apiv2][body] GET https://firebase.googleapis.com/v1beta1/projects [omitted]
[info] i  Using project fir-app-cade1 (firebase-app) 
[info] 
=== Hosting Setup
[info] 
[info] Your public directory is the folder (relative to your project directory) that
[info] will contain Hosting assets to be uploaded with firebase deploy. If you
[info] have a build process for your assets, use your build's output directory.
[info] 
[info] ✔  Wrote public/404.html 
[debug] [2023-08-11T20:44:55.781Z] >>> [apiv2][query] GET https://www.gstatic.com/firebasejs/releases.json [none]
[debug] [2023-08-11T20:44:56.185Z] <<< [apiv2][status] GET https://www.gstatic.com/firebasejs/releases.json 200
[debug] [2023-08-11T20:44:56.185Z] <<< [apiv2][body] GET https://www.gstatic.com/firebasejs/releases.json {"current":{"version":"10.1.0","browserURL":"https://www.gstatic.com/firebasejs/10.1.0/firebase.js","packageURL":"https://www.gstatic.com/firebasejs/10.1.0/firebase.tgz"},"live":{"version":"10.1","browserURL":"https://www.gstatic.com/firebasejs/live/10.1/firebase.js","packageURL":"https://www.gstatic.com/firebasejs/live/10.1/firebase.tgz"},"components":{"analytics":"https://www.gstatic.com/firebasejs/10.1.0/firebase-analytics.js","app":"https://www.gstatic.com/firebasejs/10.1.0/firebase-app.js","app-check":"https://www.gstatic.com/firebasejs/10.1.0/firebase-app-check.js","auth":"https://www.gstatic.com/firebasejs/10.1.0/firebase-auth.js","auth/cordova":"https://www.gstatic.com/firebasejs/10.1.0/firebase-auth/cordova.js","functions":"https://www.gstatic.com/firebasejs/10.1.0/firebase-functions.js","firestore":"https://www.gstatic.com/firebasejs/10.1.0/firebase-firestore.js","firestore/lite":"https://www.gstatic.com/firebasejs/10.1.0/firebase-firestore/lite.js","installations":"https://www.gstatic.com/firebasejs/10.1.0/firebase-installations.js","storage":"https://www.gstatic.com/firebasejs/10.1.0/firebase-storage.js","performance":"https://www.gstatic.com/firebasejs/10.1.0/firebase-performance.js","remote-config":"https://www.gstatic.com/firebasejs/10.1.0/firebase-remote-config.js","messaging":"https://www.gstatic.com/firebasejs/10.1.0/firebase-messaging.js","messaging/sw":"https://www.gstatic.com/firebasejs/10.1.0/firebase-messaging/sw.js","database":"https://www.gstatic.com/firebasejs/10.1.0/firebase-database.js","firestore.memory":"https://www.gstatic.com/firebasejs/10.1.0/firebase-firestore.memory.js"}}
[info] i  Skipping write of public/index.html 
[info] 
[info] i  Detected a .git folder at /home/saeed/Desktop/newFirebase/firebase-app 
[info] i  Authorizing with GitHub to upload your service account to a GitHub repository's secrets store. 
[info] 
[info] Visit this URL on this device to log in:
[info] https://github.com/login/oauth/authorize?client_id=89cf50f02ac6aaed3484&state=192814159&redirect_uri=http%3A%2F%2Flocalhost%3A9005&scope=read%3Auser%20repo%20public_repo
[info] 
[info] Waiting for authentication...
[debug] [2023-08-11T20:46:58.682Z] >>> [apiv2][query] POST https://github.com/login/oauth/access_token [none]
[debug] [2023-08-11T20:46:58.682Z] >>> [apiv2][body] POST https://github.com/login/oauth/access_token [stream]
[debug] [2023-08-11T20:47:04.980Z] <<< [apiv2][status] POST https://github.com/login/oauth/access_token 200
[debug] [2023-08-11T20:47:04.980Z] <<< [apiv2][body] POST https://github.com/login/oauth/access_token {"access_token":"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","token_type":"bearer","scope":"read:user,repo"}
[debug] [2023-08-11T20:47:04.988Z] >>> [apiv2][query] GET https://api.github.com/user [none]
[debug] [2023-08-11T20:47:16.435Z] <<< [apiv2][status] GET https://api.github.com/user 200
[debug] [2023-08-11T20:47:16.436Z] <<< [apiv2][body] GET https://api.github.com/user {"login":"saeedbarcha","id":80773074,"node_id":"MDQ6VXNlcjgwNzczMDc0","avatar_url":"https://avatars.githubusercontent.com/u/80773074?v=4","gravatar_id":"","url":"https://api.github.com/users/saeedbarcha","html_url":"https://github.com/saeedbarcha","followers_url":"https://api.github.com/users/saeedbarcha/followers","following_url":"https://api.github.com/users/saeedbarcha/following{/other_user}","gists_url":"https://api.github.com/users/saeedbarcha/gists{/gist_id}","starred_url":"https://api.github.com/users/saeedbarcha/starred{/owner}{/repo}","subscriptions_url":"https://api.github.com/users/saeedbarcha/subscriptions","organizations_url":"https://api.github.com/users/saeedbarcha/orgs","repos_url":"https://api.github.com/users/saeedbarcha/repos","events_url":"https://api.github.com/users/saeedbarcha/events{/privacy}","received_events_url":"https://api.github.com/users/saeedbarcha/received_events","type":"User","site_admin":false,"name":"Saeed Hussain","company":"Modern Tech","blog":"","location":"Rahimabad no.1 Gilgit Baltistan","email":null,"hireable":null,"bio":"Software Engineer | MERN + PERN stack developer","twitter_username":"barcha_saeed","public_repos":37,"public_gists":0,"followers":11,"following":20,"created_at":"2021-03-16T15:15:50Z","updated_at":"2023-08-09T21:13:28Z","private_gists":0,"total_private_repos":19,"owned_private_repos":19,"disk_usage":752246,"collaborators":1,"two_factor_authentication":false,"plan":{"name":"free","space":976562499,"collaborators":0,"private_repos":10000}}
[info] 
[info] ✔  Success! Logged into GitHub as saeedbarcha 
[info] 
